<?xml version="1.0" encoding="UTF-8"?>
<!-- Generated by org.testng.reporters.JUnitXMLReporter -->
<testsuite hostname="nblap247" name="Default test" tests="3" failures="0" timestamp="3 Jan 2020 13:28:04 GMT" time="0.023" errors="0">
  <testcase name="composeMail" time="0.008" classname="com.unimoni.testng.PriorityExample6"/>
  <testcase name="loginTest" time="0.0" classname="com.unimoni.testng.PriorityExample6"/>
  <testcase name="article" time="0.001" classname="com.unimoni.testng.PriorityExample6"/>
</testsuite> <!-- Default test -->
